2023-03-20 19:51:09,245 - ml-logger - INFO - data loaded: iris dataset in readData()
2023-03-20 19:51:09,251 - ml-logger - INFO - data loaded: iris dataset in makePrediction()
2023-03-20 19:51:09,258 - ml-logger - INFO - data loaded: diabetes dataset in doRegression()
2023-03-20 19:51:09,259 - ml-logger - INFO - prediction made: linear regression model prediction on diabetes_X in doRegression() result 
[225.9732401  115.74763374 163.27610621 114.73638965 120.80385422
 158.21988574 236.08568105 121.81509832  99.56772822 123.83758651
 204.73711411  96.53399594 154.17490936 130.91629517  83.3878227
 171.36605897 137.99500384 137.99500384 189.56845268  84.3990668 ]

2023-03-20 19:51:09,441 - ml-logger - INFO - data loaded: mnist training images in doDeepLearning()
2023-03-20 19:51:09,444 - ml-logger - INFO - data loaded: mnist training labels in doDeepLearning()
2023-03-20 19:51:20,968 - ml-logger - INFO - prediction made: model prediction on test_images[:5] in doDeepLearning() result 
[[2.16545232e-06 7.19334636e-08 2.86688487e-06 1.17629017e-04
  2.85914439e-06 4.08886898e-08 1.22935360e-11 9.99871016e-01
  1.42915511e-07 3.13740497e-06]
 [1.13006793e-02 7.08986481e-04 9.30744767e-01 1.26556400e-03
  2.23804388e-08 1.01855199e-03 4.20694239e-02 5.86820037e-11
  1.28915841e-02 4.62876130e-07]
 [7.31919572e-05 9.94940877e-01 1.01579283e-03 4.95261411e-05
  5.48417214e-04 3.07830691e-04 3.54720687e-04 2.54815863e-03
  1.20554665e-04 4.10091088e-05]
 [9.99598682e-01 1.11924635e-06 2.54590792e-04 3.04080845e-06
  5.48404614e-06 3.94691306e-05 7.13977643e-05 1.43551970e-05
  7.97392295e-06 3.87644104e-06]
 [1.60150899e-04 9.98314863e-06 2.30726408e-04 3.82224289e-06
  9.98384953e-01 2.00865975e-06 3.84451414e-04 2.82783847e-04
  2.16871340e-05 5.19330497e-04]]

